Build c627a9d31fea4aad8164b57c2d52e48a for WebGL.
Build began at 01/27/2024 10:56:08 and ended at 01/27/2024 11:04:05. Total 00:07:56.7742813.
Build options: None
Build output to: E:/1.UNITY/1.PROJECT/NuViMilk/Build/Client/webgl/default
Build result: Succeeded (29 warnings, 3 errors).
Build size: 45355323

Step Build player  Depth: 0 Time: 00:07:56.7742813

Step Preprocess Player  Depth: 1 Time: 00:00:04.2951906

Step Prepare For Build  Depth: 1 Time: 00:00:00.0002904

Step ProducePlayerScriptAssemblies  Depth: 1 Time: 00:00:04.3459677

Step Prebuild Cleanup and Recompile  Depth: 2 Time: 00:00:04.1969883

Step Compile scripts  Depth: 3 Time: 00:00:04.1813654
W: Assembly for Assembly Definition File 'Assets/Scripts/Editor/HyperCasualGame.Scripts.Editor.asmdef' will not be compiled, because it has no scripts associated with it.
W: Packages\com.gdk.core\Plugins\Sirenix\Odin Inspector\Scripts\VectorIntFormatters.cs(9,81): warning CS0436: The type 'Vector2IntFormatter' in 'E:\1.UNITY\1.PROJECT\NuViMilk\UnityNuViMilk\Packages/com.gdk.core/Plugins/Sirenix/Odin Inspector/Scripts/VectorIntFormatters.cs' conflicts with the imported type 'Vector2IntFormatter' in 'Sirenix.Serialization, Version=1.0.0.0, Culture=neutral, PublicKeyToken=null'. Using the type defined in 'E:\1.UNITY\1.PROJECT\NuViMilk\UnityNuViMilk\Packages/com.gdk.core/Plugins/Sirenix/Odin Inspector/Scripts/VectorIntFormatters.cs'.
W: Packages\com.gdk.core\Plugins\Sirenix\Odin Inspector\Scripts\VectorIntFormatters.cs(10,81): warning CS0436: The type 'Vector3IntFormatter' in 'E:\1.UNITY\1.PROJECT\NuViMilk\UnityNuViMilk\Packages/com.gdk.core/Plugins/Sirenix/Odin Inspector/Scripts/VectorIntFormatters.cs' conflicts with the imported type 'Vector3IntFormatter' in 'Sirenix.Serialization, Version=1.0.0.0, Culture=neutral, PublicKeyToken=null'. Using the type defined in 'E:\1.UNITY\1.PROJECT\NuViMilk\UnityNuViMilk\Packages/com.gdk.core/Plugins/Sirenix/Odin Inspector/Scripts/VectorIntFormatters.cs'.
W: Packages\com.gdk.core\Plugins\Sirenix\Odin Inspector\Scripts\VectorIntFormatters.cs(61,23): warning CS0436: The type 'Vector3IntFormatter' in 'E:\1.UNITY\1.PROJECT\NuViMilk\UnityNuViMilk\Packages/com.gdk.core/Plugins/Sirenix/Odin Inspector/Scripts/VectorIntFormatters.cs' conflicts with the imported type 'Vector3IntFormatter' in 'Sirenix.Serialization, Version=1.0.0.0, Culture=neutral, PublicKeyToken=null'. Using the type defined in 'E:\1.UNITY\1.PROJECT\NuViMilk\UnityNuViMilk\Packages/com.gdk.core/Plugins/Sirenix/Odin Inspector/Scripts/VectorIntFormatters.cs'.
W: Packages\com.gdk.core\Plugins\Sirenix\Odin Inspector\Scripts\VectorIntFormatters.cs(62,23): warning CS0436: The type 'Vector3IntFormatter' in 'E:\1.UNITY\1.PROJECT\NuViMilk\UnityNuViMilk\Packages/com.gdk.core/Plugins/Sirenix/Odin Inspector/Scripts/VectorIntFormatters.cs' conflicts with the imported type 'Vector3IntFormatter' in 'Sirenix.Serialization, Version=1.0.0.0, Culture=neutral, PublicKeyToken=null'. Using the type defined in 'E:\1.UNITY\1.PROJECT\NuViMilk\UnityNuViMilk\Packages/com.gdk.core/Plugins/Sirenix/Odin Inspector/Scripts/VectorIntFormatters.cs'.
W: Packages\com.gdk.core\Plugins\Sirenix\Odin Inspector\Scripts\VectorIntFormatters.cs(63,23): warning CS0436: The type 'Vector3IntFormatter' in 'E:\1.UNITY\1.PROJECT\NuViMilk\UnityNuViMilk\Packages/com.gdk.core/Plugins/Sirenix/Odin Inspector/Scripts/VectorIntFormatters.cs' conflicts with the imported type 'Vector3IntFormatter' in 'Sirenix.Serialization, Version=1.0.0.0, Culture=neutral, PublicKeyToken=null'. Using the type defined in 'E:\1.UNITY\1.PROJECT\NuViMilk\UnityNuViMilk\Packages/com.gdk.core/Plugins/Sirenix/Odin Inspector/Scripts/VectorIntFormatters.cs'.
W: Packages\com.gdk.core\Plugins\Sirenix\Odin Inspector\Scripts\VectorIntFormatters.cs(30,23): warning CS0436: The type 'Vector2IntFormatter' in 'E:\1.UNITY\1.PROJECT\NuViMilk\UnityNuViMilk\Packages/com.gdk.core/Plugins/Sirenix/Odin Inspector/Scripts/VectorIntFormatters.cs' conflicts with the imported type 'Vector2IntFormatter' in 'Sirenix.Serialization, Version=1.0.0.0, Culture=neutral, PublicKeyToken=null'. Using the type defined in 'E:\1.UNITY\1.PROJECT\NuViMilk\UnityNuViMilk\Packages/com.gdk.core/Plugins/Sirenix/Odin Inspector/Scripts/VectorIntFormatters.cs'.
W: Packages\com.gdk.core\Plugins\Sirenix\Odin Inspector\Scripts\VectorIntFormatters.cs(31,23): warning CS0436: The type 'Vector2IntFormatter' in 'E:\1.UNITY\1.PROJECT\NuViMilk\UnityNuViMilk\Packages/com.gdk.core/Plugins/Sirenix/Odin Inspector/Scripts/VectorIntFormatters.cs' conflicts with the imported type 'Vector2IntFormatter' in 'Sirenix.Serialization, Version=1.0.0.0, Culture=neutral, PublicKeyToken=null'. Using the type defined in 'E:\1.UNITY\1.PROJECT\NuViMilk\UnityNuViMilk\Packages/com.gdk.core/Plugins/Sirenix/Odin Inspector/Scripts/VectorIntFormatters.cs'.
W: Packages\com.gdk.core\Plugins\Sirenix\Odin Inspector\Scripts\VectorIntFormatters.cs(41,13): warning CS0436: The type 'Vector2IntFormatter' in 'E:\1.UNITY\1.PROJECT\NuViMilk\UnityNuViMilk\Packages/com.gdk.core/Plugins/Sirenix/Odin Inspector/Scripts/VectorIntFormatters.cs' conflicts with the imported type 'Vector2IntFormatter' in 'Sirenix.Serialization, Version=1.0.0.0, Culture=neutral, PublicKeyToken=null'. Using the type defined in 'E:\1.UNITY\1.PROJECT\NuViMilk\UnityNuViMilk\Packages/com.gdk.core/Plugins/Sirenix/Odin Inspector/Scripts/VectorIntFormatters.cs'.
W: Packages\com.gdk.core\Plugins\Sirenix\Odin Inspector\Scripts\VectorIntFormatters.cs(42,13): warning CS0436: The type 'Vector2IntFormatter' in 'E:\1.UNITY\1.PROJECT\NuViMilk\UnityNuViMilk\Packages/com.gdk.core/Plugins/Sirenix/Odin Inspector/Scripts/VectorIntFormatters.cs' conflicts with the imported type 'Vector2IntFormatter' in 'Sirenix.Serialization, Version=1.0.0.0, Culture=neutral, PublicKeyToken=null'. Using the type defined in 'E:\1.UNITY\1.PROJECT\NuViMilk\UnityNuViMilk\Packages/com.gdk.core/Plugins/Sirenix/Odin Inspector/Scripts/VectorIntFormatters.cs'.
W: Packages\com.gdk.core\Plugins\Sirenix\Odin Inspector\Scripts\VectorIntFormatters.cs(73,13): warning CS0436: The type 'Vector3IntFormatter' in 'E:\1.UNITY\1.PROJECT\NuViMilk\UnityNuViMilk\Packages/com.gdk.core/Plugins/Sirenix/Odin Inspector/Scripts/VectorIntFormatters.cs' conflicts with the imported type 'Vector3IntFormatter' in 'Sirenix.Serialization, Version=1.0.0.0, Culture=neutral, PublicKeyToken=null'. Using the type defined in 'E:\1.UNITY\1.PROJECT\NuViMilk\UnityNuViMilk\Packages/com.gdk.core/Plugins/Sirenix/Odin Inspector/Scripts/VectorIntFormatters.cs'.
W: Packages\com.gdk.core\Plugins\Sirenix\Odin Inspector\Scripts\VectorIntFormatters.cs(74,13): warning CS0436: The type 'Vector3IntFormatter' in 'E:\1.UNITY\1.PROJECT\NuViMilk\UnityNuViMilk\Packages/com.gdk.core/Plugins/Sirenix/Odin Inspector/Scripts/VectorIntFormatters.cs' conflicts with the imported type 'Vector3IntFormatter' in 'Sirenix.Serialization, Version=1.0.0.0, Culture=neutral, PublicKeyToken=null'. Using the type defined in 'E:\1.UNITY\1.PROJECT\NuViMilk\UnityNuViMilk\Packages/com.gdk.core/Plugins/Sirenix/Odin Inspector/Scripts/VectorIntFormatters.cs'.
W: Packages\com.gdk.core\Plugins\Sirenix\Odin Inspector\Scripts\VectorIntFormatters.cs(75,13): warning CS0436: The type 'Vector3IntFormatter' in 'E:\1.UNITY\1.PROJECT\NuViMilk\UnityNuViMilk\Packages/com.gdk.core/Plugins/Sirenix/Odin Inspector/Scripts/VectorIntFormatters.cs' conflicts with the imported type 'Vector3IntFormatter' in 'Sirenix.Serialization, Version=1.0.0.0, Culture=neutral, PublicKeyToken=null'. Using the type defined in 'E:\1.UNITY\1.PROJECT\NuViMilk\UnityNuViMilk\Packages/com.gdk.core/Plugins/Sirenix/Odin Inspector/Scripts/VectorIntFormatters.cs'.
W: Packages\com.gdk.core\Scripts\Utilities\SoundService.cs(55,28): warning CS1998: This async method lacks 'await' operators and will run synchronously. Consider using the 'await' operator to await non-blocking API calls, or 'await Task.Run(...)' to do CPU-bound work on a background thread.
W: Packages\com.gdk.core\Scripts\Utilities\LocalizationService.cs(12,46): warning CS0067: The event 'LocalizationService.OnLanguageChange' is never used
W: Packages\com.gdk.core\Scripts\BlueprintFlow\BlueprintControlFlow\PreProcessBlueprintMobile.cs(15,30): warning CS1998: This async method lacks 'await' operators and will run synchronously. Consider using the 'await' operator to await non-blocking API calls, or 'await Task.Run(...)' to do CPU-bound work on a background thread.
W: Packages\com.gdk.core\Scripts\BlueprintFlow\BlueprintControlFlow\BlueprintServicesInstaller.cs(24,13): warning CS0618: 'ZenjectUtils.BindAllTypeDriveFrom<T>(DiContainer)' is obsolete: 'Use BindAllDerivedTypes instead'
W: Packages\com.gdk.core\Scripts\BlueprintFlow\BlueprintControlFlow\BlueprintReaderManager.cs(70,21): warning CS4014: Because this call is not awaited, execution of the current method continues before the call is completed. Consider applying the 'await' operator to the result of the call.
W: Assets\AssetKits\ParticleImage\Runtime\ParticleImage.cs(987,14): warning CS0114: 'ParticleImage.Awake()' hides inherited member 'UIBehaviour.Awake()'. To make the current member override that implementation, add the override keyword. Otherwise add the new keyword.
W: Assets\AssetKits\ParticleImage\Runtime\ParticleImage.cs(1001,21): warning CS0114: 'ParticleImage.OnEnable()' hides inherited member 'MaskableGraphic.OnEnable()'. To make the current member override that implementation, add the override keyword. Otherwise add the new keyword.
W: Assets\AssetKits\ParticleImage\Runtime\ParticleImage.cs(1084,14): warning CS0114: 'ParticleImage.OnTransformParentChanged()' hides inherited member 'MaskableGraphic.OnTransformParentChanged()'. To make the current member override that implementation, add the override keyword. Otherwise add the new keyword.
W: Assets\AssetKits\ParticleImage\Runtime\ParticleImage.cs(1637,25): warning CS0114: 'ParticleImage.material' hides inherited member 'Graphic.material'. To make the current member override that implementation, add the override keyword. Otherwise add the new keyword.
W: Assets\Scripts\NuViMilkProjectContext.cs(24,13): warning CS4014: Because this call is not awaited, execution of the current method continues before the call is completed. Consider applying the 'await' operator to the result of the call.
W: Assets\WaterShader\Scripts\Player.cs(98,13): warning CS0618: 'ParticleSystem.Emit(Vector3, Vector3, float, float, Color32)' is obsolete: 'Emit with specific parameters is deprecated. Pass a ParticleSystem.EmitParams parameter instead, which allows you to override some/all of the emission properties'
W: Assets\WaterShader\Scripts\Player.cs(107,13): warning CS0618: 'ParticleSystem.Emit(Vector3, Vector3, float, float, Color32)' is obsolete: 'Emit with specific parameters is deprecated. Pass a ParticleSystem.EmitParams parameter instead, which allows you to override some/all of the emission properties'
W: Assets\WaterShader\Scripts\Player.cs(125,13): warning CS0618: 'ParticleSystem.Emit(Vector3, Vector3, float, float, Color32)' is obsolete: 'Emit with specific parameters is deprecated. Pass a ParticleSystem.EmitParams parameter instead, which allows you to override some/all of the emission properties'
W: Assets\BruteForce-GrassShader\Scripts\BF_Terrain.cs(20,18): warning CS0414: The field 'BF_Terrain.isSynced' is assigned but its value is never used

Step Generate and validate platform script types  Depth: 3 Time: 00:00:00.0091242

Step Verify Build setup  Depth: 1 Time: 00:00:00.0314837

Step Check old data build  Depth: 2 Time: 00:00:00.0152602

Step Prepare assets for target platform  Depth: 1 Time: 00:00:00.2077424

Step Prepare splash screen  Depth: 1 Time: 00:00:00.0813658
L: Including Unity Splash Screen logo because 'Show Unity Logo' is enabled.

Step Building scenes  Depth: 1 Time: 00:00:00.6388521

Step Building scene Assets/Scenes/1.MainScene.unity  Depth: 2 Time: 00:00:00.6387730

Step Build scripts DLLs  Depth: 1 Time: 00:00:00.0267953

Step GetReferencedAssemblies  Depth: 2 Time: 00:00:00.0021946

Step Build GlobalGameManagers file  Depth: 1 Time: 00:00:00.1095763

Step Writing asset files  Depth: 1 Time: 00:00:02.8516563

Step Packaging assets - globalgamemanagers.assets  Depth: 2 Time: 00:00:00.0401053

Step Packaging assets - resources.assets  Depth: 2 Time: 00:00:00.3883019
W: Script attached to 'GameFoundationPlaylistController' in scene '' is missing or no valid script is attached.
W: Script attached to 'GameFoundationAudio' in scene '' is missing or no valid script is attached.

Step Packaging assets - sharedassets0.assets = additional assets for scene 0: Assets/Scenes/1.MainScene.unity  Depth: 2 Time: 00:00:02.3982767
E: Shader error in 'BruteForce/InteractiveGrass': Internal error communicating with the shader compiler process.  Please report a bug including this shader and the editor log.
E: Shader error in 'BruteForce/InteractiveGrass': variable 'attenuation' used without having been completely initialized at line 1149 (on gles3)

Compiling Subshader: 0, Pass: , Vertex program with DIRECTIONAL_COOKIE SHADOWS_SCREEN
Platform defines: SHADER_API_DESKTOP UNITY_COLORSPACE_GAMMA UNITY_LIGHTMAP_RGBM_ENCODING UNITY_NO_SCREENSPACE_SHADOWS UNITY_PASS_FORWARDADD UNITY_PBS_USE_BRDF3
Disabled keywords: DIRECTIONAL LIGHTMAP_SHADOW_MIXING POINT POINT_COOKIE SHADER_API_GLES30 SHADOWS_CUBE SHADOWS_DEPTH SHADOWS_SHADOWMASK SHADOWS_SOFT SPOT UNITY_ASTC_NORMALMAP_ENCODING UNITY_ENABLE_DETAIL_NORMALMAP UNITY_ENABLE_REFLECTION_BUFFERS UNITY_FRAMEBUFFER_FETCH_AVAILABLE UNITY_HALF_PRECISION_FRAGMENT_SHADER_REGISTERS UNITY_HARDWARE_TIER1 UNITY_HARDWARE_TIER2 UNITY_HARDWARE_TIER3 UNITY_LIGHTMAP_DLDR_ENCODING UNITY_LIGHTMAP_FULL_HDR UNITY_LIGHT_PROBE_PROXY_VOLUME UNITY_METAL_SHADOWS_USE_POINT_FILTERING UNITY_NO_DXT5nm UNITY_NO_FULL_STANDARD_SHADER UNITY_PBS_USE_BRDF1 UNITY_PBS_USE_BRDF2 UNITY_PRETRANSFORM_TO_DISPLAY_ORIENTATION UNITY_SPECCUBE_BLENDING UNITY_SPECCUBE_BOX_PROJECTION UNITY_UNIFIED_SHADER_PRECISION_MODEL UNITY_USE_DITHER_MASK_FOR_ALPHABLENDED_SHADOWS UNITY_VIRTUAL_TEXTURING USE_CS USE_RT USE_SS USE_VP USE_VR USE_WC
E: Shader error in 'BruteForce/InteractiveGrass': variable 'lightDirection' used without having been completely initialized at line 1149 (on gles3)

Compiling Subshader: 0, Pass: , Vertex program with DIRECTIONAL_COOKIE SHADOWS_SCREEN
Platform defines: SHADER_API_DESKTOP UNITY_COLORSPACE_GAMMA UNITY_LIGHTMAP_RGBM_ENCODING UNITY_NO_SCREENSPACE_SHADOWS UNITY_PASS_FORWARDADD UNITY_PBS_USE_BRDF3
Disabled keywords: DIRECTIONAL LIGHTMAP_SHADOW_MIXING POINT POINT_COOKIE SHADER_API_GLES30 SHADOWS_CUBE SHADOWS_DEPTH SHADOWS_SHADOWMASK SHADOWS_SOFT SPOT UNITY_ASTC_NORMALMAP_ENCODING UNITY_ENABLE_DETAIL_NORMALMAP UNITY_ENABLE_REFLECTION_BUFFERS UNITY_FRAMEBUFFER_FETCH_AVAILABLE UNITY_HALF_PRECISION_FRAGMENT_SHADER_REGISTERS UNITY_HARDWARE_TIER1 UNITY_HARDWARE_TIER2 UNITY_HARDWARE_TIER3 UNITY_LIGHTMAP_DLDR_ENCODING UNITY_LIGHTMAP_FULL_HDR UNITY_LIGHT_PROBE_PROXY_VOLUME UNITY_METAL_SHADOWS_USE_POINT_FILTERING UNITY_NO_DXT5nm UNITY_NO_FULL_STANDARD_SHADER UNITY_PBS_USE_BRDF1 UNITY_PBS_USE_BRDF2 UNITY_PRETRANSFORM_TO_DISPLAY_ORIENTATION UNITY_SPECCUBE_BLENDING UNITY_SPECCUBE_BOX_PROJECTION UNITY_UNIFIED_SHADER_PRECISION_MODEL UNITY_USE_DITHER_MASK_FOR_ALPHABLENDED_SHADOWS UNITY_VIRTUAL_TEXTURING USE_CS USE_RT USE_SS USE_VP USE_VR USE_WC

Step Building Resources/unity_builtin_extra  Depth: 1 Time: 00:00:00.2477102

Step Creating compressed player package  Depth: 1 Time: 00:00:04.6129641

Step Write data build dirty tracking information  Depth: 1 Time: 00:00:00.2161462

Step Postprocess built player  Depth: 1 Time: 00:07:38.3154465
L: E:/1.UNITY/1.PROJECT/NuViMilk/Build/Client/webgl/default
L: face_1->Assets/ImageModel/face_1.png
L: face_2->Assets/ImageModel/face_2.png
L: face_3->Assets/ImageModel/face_3.png
L: face_4->Assets/ImageModel/face_4.png
L: 		<imagetarget id='face_1' src='targets/face_1.png'></imagetarget>
		<imagetarget id='face_2' src='targets/face_2.png'></imagetarget>
		<imagetarget id='face_3' src='targets/face_3.png'></imagetarget>
		<imagetarget id='face_4' src='targets/face_4.png'></imagetarget>


Step Setup incremental player build  Depth: 2 Time: 00:00:00.0607119

Step Incremental player build  Depth: 2 Time: 00:07:37.4956644

Step Report output files  Depth: 2 Time: 00:00:00.0551182


Role: build_info, Size: 42 bytes, Path: E:/1.UNITY/1.PROJECT/NuViMilk/Build/Client/webgl/default/StreamingAssets/build_info
Role: json, Size: 1074 bytes, Path: E:/1.UNITY/1.PROJECT/NuViMilk/Build/Client/webgl/default/StreamingAssets/google-services-desktop.json
Role: png, Size: 18617 bytes, Path: E:/1.UNITY/1.PROJECT/NuViMilk/Build/Client/webgl/default/StreamingAssets/meta-logo.png
Role: mp4, Size: 346513 bytes, Path: E:/1.UNITY/1.PROJECT/NuViMilk/Build/Client/webgl/default/StreamingAssets/meta.mp4
Role: json, Size: 27323 bytes, Path: E:/1.UNITY/1.PROJECT/NuViMilk/Build/Client/webgl/default/StreamingAssets/aa/catalog.json
Role: json, Size: 877 bytes, Path: E:/1.UNITY/1.PROJECT/NuViMilk/Build/Client/webgl/default/StreamingAssets/aa/settings.json
Role: xml, Size: 6201 bytes, Path: E:/1.UNITY/1.PROJECT/NuViMilk/Build/Client/webgl/default/StreamingAssets/aa/AddressablesLink/link.xml
Role: bundle, Size: 17610 bytes, Path: E:/1.UNITY/1.PROJECT/NuViMilk/Build/Client/webgl/default/StreamingAssets/aa/WebGL/4e680de7239cfbb5b2f139b9da578953_unitybuiltinshaders_fd3fad8c8287ec72fb642a4c3f3d739c.bundle
Role: bundle, Size: 4951611 bytes, Path: E:/1.UNITY/1.PROJECT/NuViMilk/Build/Client/webgl/default/StreamingAssets/aa/WebGL/uis_assets_all_e3cc4337bdea21ac04c31fa154c90c74.bundle
Role: unityweb, Size: 84122 bytes, Path: E:/1.UNITY/1.PROJECT/NuViMilk/Build/Client/webgl/default/Build/default.framework.js.unityweb
Role: unityweb, Size: 7987695 bytes, Path: E:/1.UNITY/1.PROJECT/NuViMilk/Build/Client/webgl/default/Build/default.wasm.unityweb
Role: unityweb, Size: 28293032 bytes, Path: E:/1.UNITY/1.PROJECT/NuViMilk/Build/Client/webgl/default/Build/default.data.unityweb
Role: js, Size: 44246 bytes, Path: E:/1.UNITY/1.PROJECT/NuViMilk/Build/Client/webgl/default/Build/default.loader.js
Role: js, Size: 7826 bytes, Path: E:/1.UNITY/1.PROJECT/NuViMilk/Build/Client/webgl/default/arcamera.js
Role: html, Size: 11575 bytes, Path: E:/1.UNITY/1.PROJECT/NuViMilk/Build/Client/webgl/default/index.html
Role: js, Size: 55016 bytes, Path: E:/1.UNITY/1.PROJECT/NuViMilk/Build/Client/webgl/default/itracker.js
Role: js, Size: 3488620 bytes, Path: E:/1.UNITY/1.PROJECT/NuViMilk/Build/Client/webgl/default/opencv.js
Role: ico, Size: 2305 bytes, Path: E:/1.UNITY/1.PROJECT/NuViMilk/Build/Client/webgl/default/TemplateData/favicon.ico
Role: png, Size: 175 bytes, Path: E:/1.UNITY/1.PROJECT/NuViMilk/Build/Client/webgl/default/TemplateData/fullscreen-button.png
Role: png, Size: 96 bytes, Path: E:/1.UNITY/1.PROJECT/NuViMilk/Build/Client/webgl/default/TemplateData/progress-bar-empty-dark.png
Role: png, Size: 109 bytes, Path: E:/1.UNITY/1.PROJECT/NuViMilk/Build/Client/webgl/default/TemplateData/progress-bar-empty-light.png
Role: png, Size: 74 bytes, Path: E:/1.UNITY/1.PROJECT/NuViMilk/Build/Client/webgl/default/TemplateData/progress-bar-full-dark.png
Role: png, Size: 84 bytes, Path: E:/1.UNITY/1.PROJECT/NuViMilk/Build/Client/webgl/default/TemplateData/progress-bar-full-light.png
Role: css, Size: 1414 bytes, Path: E:/1.UNITY/1.PROJECT/NuViMilk/Build/Client/webgl/default/TemplateData/style.css
Role: png, Size: 3042 bytes, Path: E:/1.UNITY/1.PROJECT/NuViMilk/Build/Client/webgl/default/TemplateData/unity-logo-dark.png
Role: png, Size: 3077 bytes, Path: E:/1.UNITY/1.PROJECT/NuViMilk/Build/Client/webgl/default/TemplateData/unity-logo-light.png
Role: png, Size: 2947 bytes, Path: E:/1.UNITY/1.PROJECT/NuViMilk/Build/Client/webgl/default/TemplateData/webgl-logo.png

